[roslaunch][INFO] 2020-10-12 11:51:16,168: Checking log directory for disk usage. This may take a while.
Press Ctrl-C to interrupt
[roslaunch][INFO] 2020-10-12 11:51:16,175: Done checking log file disk usage. Usage is <1GB.
[roslaunch][INFO] 2020-10-12 11:51:16,175: roslaunch starting with args ['/opt/ros/melodic/bin/roslaunch', 'turtlebot3_bringup', 'turtlebot3_robot.launch']
[roslaunch][INFO] 2020-10-12 11:51:16,175: roslaunch env is {'JUPYTER_TOKEN': '', 'CHALLENGE_CONFIG_FILE': '/habitat-challenge-data/challenge_pointnav2020.local.rgbd.yaml', 'vnc_port': '5905', 'ROS_DISTRO': 'melodic', 'TERMINATOR_DBUS_PATH': '/net/tenshu/Terminator2', 'ROSLISP_PACKAGE_DIRECTORIES': '//catkin_ws/devel/share/common-lisp', 'CUDA_VERSION': '10.1.243', 'USER': 'root', 'ROS_PACKAGE_PATH': '//catkin_ws/src:/opt/ros/melodic/share', 'HOME': '/root', 'PYTHONUNBUFFERED': '1', 'CMAKE_PREFIX_PATH': '//catkin_ws/devel:/opt/ros/melodic', 'DISPLAY': ':1', 'JUPYTER_PASSWORD': '', 'LANG': 'C.UTF-8', 'TERM': 'xterm-256color', 'SHELL': '/bin/bash', 'ROS_LOG_FILENAME': '/root/.ros/log/717101f0-0c7d-11eb-b2ae-0242ac110008/roslaunch-8cb3278195c9-7248.log', 'CUDA_PKG_VERSION': '10-1=10.1.243-1', 'SHLVL': '1', 'SUPERVISOR_ENABLED': '1', 'TERMINATOR_UUID': 'urn:uuid:f9672217-d11a-42f0-8dc5-a917b3787c77', 'NCCL_VERSION': '2.4.8', 'GLOG_minloglevel': '2', 'LD_LIBRARY_PATH': '//catkin_ws/devel/lib:/opt/ros/melodic/lib:/usr/lib/x86_64-linux-gnu:/usr/lib/i386-linux-gnu:/usr/local/nvidia/lib:/usr/local/nvidia/lib64:/usr/local/nvidia/lib:/usr/local/nvidia/lib64', 'ROS_PYTHON_VERSION': '2', 'NVIDIA_VISIBLE_DEVICES': 'all', '_': '/opt/ros/melodic/bin/roslaunch', 'ROS_MASTER_URI': 'http://localhost:11311', 'nv': 'XAUTHORITY=', 'ROS_VERSION': '1', 'PYTHONPATH': '//catkin_ws/devel/lib/python2.7/dist-packages:/opt/ros/melodic/lib/python2.7/dist-packages:/opt/conda/envs/habitat/bin/python3', 'QT_X11_NO_MITSHM': '1', 'ROS_ROOT': '/opt/ros/melodic/share/ros', 'PATH': '/opt/ros/melodic/bin:/opt/conda/envs/habitat/bin:/opt/conda/bin:/usr/local/nvidia/bin:/usr/local/cuda/bin:/usr/local/sbin:/usr/local/bin:/usr/sbin:/usr/bin:/sbin:/bin', 'SUPERVISOR_PROCESS_NAME': 'pcmanfm', 'SUPERVISOR_SERVER_URL': 'unix:///var/run/supervisor.sock', 'TERMINATOR_DBUS_NAME': 'net.tenshu.Terminator20x1a6021154d881d', 'PKG_CONFIG_PATH': '//catkin_ws/devel/lib/pkgconfig:/opt/ros/melodic/lib/pkgconfig', 'LC_ALL': 'C.UTF-8', 'NVIDIA_DRIVER_CAPABILITIES': 'compute,utility,graphics,compat32,utility', 'MAGNUM_LOG': 'quiet', 'NVIDIA_REQUIRE_CUDA': 'cuda>=10.1 brand=tesla,driver>=384,driver<385 brand=tesla,driver>=396,driver<397 brand=tesla,driver>=410,driver<411', 'VTE_VERSION': '5202', 'OLDPWD': '//catkin_ws/src', 'HOSTNAME': '8cb3278195c9', 'PWD': '//catkin_ws', 'ROS_ETC_DIR': '/opt/ros/melodic/etc/ros', 'TURTLEBOT3_MODEL': 'waffle_pi', 'COLORTERM': 'truecolor', 'jup_port': '8905', 'SUPERVISOR_GROUP_NAME': 'x'}
[roslaunch][INFO] 2020-10-12 11:51:16,175: starting in server mode
[roslaunch.parent][INFO] 2020-10-12 11:51:16,176: starting roslaunch parent run
[roslaunch][INFO] 2020-10-12 11:51:16,176: loading roscore config file /opt/ros/melodic/etc/ros/roscore.xml
[roslaunch][INFO] 2020-10-12 11:51:16,334: Added core node of type [rosout/rosout] in namespace [/]
[roslaunch.config][INFO] 2020-10-12 11:51:16,334: loading config file //catkin_ws/src/turtlebot3/turtlebot3_bringup/launch/turtlebot3_robot.launch
[roslaunch][INFO] 2020-10-12 11:51:16,392: Added node of type [rosserial_python/serial_node.py] in namespace [/]
[roslaunch][INFO] 2020-10-12 11:51:16,393: Added node of type [hls_lfcd_lds_driver/hlds_laser_publisher] in namespace [/]
[roslaunch][INFO] 2020-10-12 11:51:16,393: Added node of type [turtlebot3_bringup/turtlebot3_diagnostics] in namespace [/]
[roslaunch][INFO] 2020-10-12 11:51:16,393: ... selected machine [] for node of type [rosserial_python/serial_node.py]
[roslaunch][INFO] 2020-10-12 11:51:16,393: ... selected machine [] for node of type [hls_lfcd_lds_driver/hlds_laser_publisher]
[roslaunch][INFO] 2020-10-12 11:51:16,393: ... selected machine [] for node of type [turtlebot3_bringup/turtlebot3_diagnostics]
[roslaunch.pmon][INFO] 2020-10-12 11:51:16,394: start_process_monitor: creating ProcessMonitor
[roslaunch.pmon][INFO] 2020-10-12 11:51:16,394: created process monitor <ProcessMonitor(ProcessMonitor-1, initial daemon)>
[roslaunch.pmon][INFO] 2020-10-12 11:51:16,394: start_process_monitor: ProcessMonitor started
[roslaunch.parent][INFO] 2020-10-12 11:51:16,394: starting parent XML-RPC server
[roslaunch.server][INFO] 2020-10-12 11:51:16,394: starting roslaunch XML-RPC server
[roslaunch.server][INFO] 2020-10-12 11:51:16,394: waiting for roslaunch XML-RPC server to initialize
[xmlrpc][INFO] 2020-10-12 11:51:16,395: XML-RPC server binding to 0.0.0.0:0
[xmlrpc][INFO] 2020-10-12 11:51:16,395: Started XML-RPC server [http://8cb3278195c9:44933/]
[xmlrpc][INFO] 2020-10-12 11:51:16,396: xml rpc node: starting XML-RPC server
[roslaunch][INFO] 2020-10-12 11:51:16,406: started roslaunch server http://8cb3278195c9:44933/
[roslaunch.parent][INFO] 2020-10-12 11:51:16,407: ... parent XML-RPC server started
[roslaunch][INFO] 2020-10-12 11:51:16,407: master.is_running[http://localhost:11311]
[roslaunch][INFO] 2020-10-12 11:51:16,409: master.is_running[http://localhost:11311]
[roslaunch][INFO] 2020-10-12 11:51:16,410: ROS_MASTER_URI=http://localhost:11311
[roslaunch][INFO] 2020-10-12 11:51:16,413: setting /roslaunch/uris/host_8cb3278195c9__44933' to http://8cb3278195c9:44933/
[roslaunch][INFO] 2020-10-12 11:51:16,414: load_parameters starting ...
[roslaunch][INFO] 2020-10-12 11:51:16,422: ... load_parameters complete
[roslaunch][INFO] 2020-10-12 11:51:16,422: launch_nodes: launching local nodes ...
[roslaunch][INFO] 2020-10-12 11:51:16,423: ... preparing to launch node of type [rosserial_python/serial_node.py]
[roslaunch][INFO] 2020-10-12 11:51:16,423: create_node_process: package[rosserial_python] type[serial_node.py] machine[Machine(name[] env_loader[None] address[localhost] ssh_port[22] user[None] assignable[True] timeout[10.0])] master_uri[http://localhost:11311]
[roslaunch][INFO] 2020-10-12 11:51:16,423: process[turtlebot3_core-1]: env[{'JUPYTER_TOKEN': '', 'CHALLENGE_CONFIG_FILE': '/habitat-challenge-data/challenge_pointnav2020.local.rgbd.yaml', 'HOSTNAME': '8cb3278195c9', 'ROS_DISTRO': 'melodic', 'TERMINATOR_DBUS_NAME': 'net.tenshu.Terminator20x1a6021154d881d', 'COLORTERM': 'truecolor', 'ROSLISP_PACKAGE_DIRECTORIES': '//catkin_ws/devel/share/common-lisp', 'CUDA_VERSION': '10.1.243', 'USER': 'root', 'PATH': '/opt/ros/melodic/bin:/opt/conda/envs/habitat/bin:/opt/conda/bin:/usr/local/nvidia/bin:/usr/local/cuda/bin:/usr/local/sbin:/usr/local/bin:/usr/sbin:/usr/bin:/sbin:/bin', 'HOME': '/root', 'PYTHONUNBUFFERED': '1', 'CMAKE_PREFIX_PATH': '//catkin_ws/devel:/opt/ros/melodic', 'ROS_LOG_FILENAME': '/root/.ros/log/717101f0-0c7d-11eb-b2ae-0242ac110008/roslaunch-8cb3278195c9-7248.log', 'LANG': 'C.UTF-8', 'TERM': 'xterm-256color', 'SHELL': '/bin/bash', 'CUDA_PKG_VERSION': '10-1=10.1.243-1', 'SHLVL': '1', 'GLOG_minloglevel': '2', 'TERMINATOR_UUID': 'urn:uuid:f9672217-d11a-42f0-8dc5-a917b3787c77', 'NCCL_VERSION': '2.4.8', 'SUPERVISOR_ENABLED': '1', 'DISPLAY': ':1', 'NVIDIA_VISIBLE_DEVICES': 'all', 'MAGNUM_LOG': 'quiet', 'ROS_ETC_DIR': '/opt/ros/melodic/etc/ros', 'ROS_PYTHON_VERSION': '2', 'LC_ALL': 'C.UTF-8', 'JUPYTER_PASSWORD': '', 'PYTHONPATH': '//catkin_ws/devel/lib/python2.7/dist-packages:/opt/ros/melodic/lib/python2.7/dist-packages:/opt/conda/envs/habitat/bin/python3', 'QT_X11_NO_MITSHM': '1', 'ROS_ROOT': '/opt/ros/melodic/share/ros', 'SUPERVISOR_PROCESS_NAME': 'pcmanfm', 'SUPERVISOR_SERVER_URL': 'unix:///var/run/supervisor.sock', 'TERMINATOR_DBUS_PATH': '/net/tenshu/Terminator2', 'PKG_CONFIG_PATH': '//catkin_ws/devel/lib/pkgconfig:/opt/ros/melodic/lib/pkgconfig', 'ROS_PACKAGE_PATH': '//catkin_ws/src:/opt/ros/melodic/share', 'NVIDIA_DRIVER_CAPABILITIES': 'compute,utility,graphics,compat32,utility', '_': '/opt/ros/melodic/bin/roslaunch', 'LD_LIBRARY_PATH': '//catkin_ws/devel/lib:/opt/ros/melodic/lib:/usr/lib/x86_64-linux-gnu:/usr/lib/i386-linux-gnu:/usr/local/nvidia/lib:/usr/local/nvidia/lib64:/usr/local/nvidia/lib:/usr/local/nvidia/lib64', 'NVIDIA_REQUIRE_CUDA': 'cuda>=10.1 brand=tesla,driver>=384,driver<385 brand=tesla,driver>=396,driver<397 brand=tesla,driver>=410,driver<411', 'OLDPWD': '//catkin_ws/src', 'vnc_port': '5905', 'jup_port': '8905', 'PWD': '//catkin_ws', 'TURTLEBOT3_MODEL': 'waffle_pi', 'ROS_MASTER_URI': 'http://localhost:11311', 'nv': 'XAUTHORITY=', 'ROS_VERSION': '1', 'VTE_VERSION': '5202', 'SUPERVISOR_GROUP_NAME': 'x'}]
[roslaunch][INFO] 2020-10-12 11:51:16,470: process[turtlebot3_core-1]: args[[u'/opt/ros/melodic/lib/rosserial_python/serial_node.py', u'__name:=turtlebot3_core']]
[roslaunch][INFO] 2020-10-12 11:51:16,471: ... created process [turtlebot3_core-1]
[roslaunch.pmon][INFO] 2020-10-12 11:51:16,471: ProcessMonitor.register[turtlebot3_core-1]
[roslaunch.pmon][INFO] 2020-10-12 11:51:16,471: ProcessMonitor.register[turtlebot3_core-1] complete
[roslaunch][INFO] 2020-10-12 11:51:16,471: ... registered process [turtlebot3_core-1]
[roslaunch][INFO] 2020-10-12 11:51:16,471: process[turtlebot3_core-1]: starting os process
[roslaunch][INFO] 2020-10-12 11:51:16,471: process[turtlebot3_core-1]: start w/ args [[u'/opt/ros/melodic/lib/rosserial_python/serial_node.py', u'__name:=turtlebot3_core', u'__log:=/root/.ros/log/717101f0-0c7d-11eb-b2ae-0242ac110008/turtlebot3_core-1.log']]
[roslaunch][INFO] 2020-10-12 11:51:16,471: process[turtlebot3_core-1]: cwd will be [/root/.ros]
[roslaunch][INFO] 2020-10-12 11:51:16,740: process[turtlebot3_core-1]: started with pid [7263]
[roslaunch][INFO] 2020-10-12 11:51:16,741: ... successfully launched [turtlebot3_core-1]
[roslaunch][INFO] 2020-10-12 11:51:16,741: ... preparing to launch node of type [hls_lfcd_lds_driver/hlds_laser_publisher]
[roslaunch][INFO] 2020-10-12 11:51:16,741: create_node_process: package[hls_lfcd_lds_driver] type[hlds_laser_publisher] machine[Machine(name[] env_loader[None] address[localhost] ssh_port[22] user[None] assignable[True] timeout[10.0])] master_uri[http://localhost:11311]
[roslaunch][INFO] 2020-10-12 11:51:16,741: process[turtlebot3_lds-2]: env[{'JUPYTER_TOKEN': '', 'CHALLENGE_CONFIG_FILE': '/habitat-challenge-data/challenge_pointnav2020.local.rgbd.yaml', 'HOSTNAME': '8cb3278195c9', 'ROS_DISTRO': 'melodic', 'TERMINATOR_DBUS_NAME': 'net.tenshu.Terminator20x1a6021154d881d', 'COLORTERM': 'truecolor', 'ROSLISP_PACKAGE_DIRECTORIES': '//catkin_ws/devel/share/common-lisp', 'CUDA_VERSION': '10.1.243', 'USER': 'root', 'PATH': '/opt/ros/melodic/bin:/opt/conda/envs/habitat/bin:/opt/conda/bin:/usr/local/nvidia/bin:/usr/local/cuda/bin:/usr/local/sbin:/usr/local/bin:/usr/sbin:/usr/bin:/sbin:/bin', 'HOME': '/root', 'PYTHONUNBUFFERED': '1', 'CMAKE_PREFIX_PATH': '//catkin_ws/devel:/opt/ros/melodic', 'ROS_LOG_FILENAME': '/root/.ros/log/717101f0-0c7d-11eb-b2ae-0242ac110008/roslaunch-8cb3278195c9-7248.log', 'LANG': 'C.UTF-8', 'TERM': 'xterm-256color', 'SHELL': '/bin/bash', 'CUDA_PKG_VERSION': '10-1=10.1.243-1', 'SHLVL': '1', 'GLOG_minloglevel': '2', 'TERMINATOR_UUID': 'urn:uuid:f9672217-d11a-42f0-8dc5-a917b3787c77', 'NCCL_VERSION': '2.4.8', 'SUPERVISOR_ENABLED': '1', 'DISPLAY': ':1', 'NVIDIA_VISIBLE_DEVICES': 'all', 'MAGNUM_LOG': 'quiet', 'ROS_ETC_DIR': '/opt/ros/melodic/etc/ros', 'ROS_PYTHON_VERSION': '2', 'LC_ALL': 'C.UTF-8', 'JUPYTER_PASSWORD': '', 'PYTHONPATH': '//catkin_ws/devel/lib/python2.7/dist-packages:/opt/ros/melodic/lib/python2.7/dist-packages:/opt/conda/envs/habitat/bin/python3', 'QT_X11_NO_MITSHM': '1', 'ROS_ROOT': '/opt/ros/melodic/share/ros', 'SUPERVISOR_PROCESS_NAME': 'pcmanfm', 'SUPERVISOR_SERVER_URL': 'unix:///var/run/supervisor.sock', 'TERMINATOR_DBUS_PATH': '/net/tenshu/Terminator2', 'PKG_CONFIG_PATH': '//catkin_ws/devel/lib/pkgconfig:/opt/ros/melodic/lib/pkgconfig', 'ROS_PACKAGE_PATH': '//catkin_ws/src:/opt/ros/melodic/share', 'NVIDIA_DRIVER_CAPABILITIES': 'compute,utility,graphics,compat32,utility', '_': '/opt/ros/melodic/bin/roslaunch', 'LD_LIBRARY_PATH': '//catkin_ws/devel/lib:/opt/ros/melodic/lib:/usr/lib/x86_64-linux-gnu:/usr/lib/i386-linux-gnu:/usr/local/nvidia/lib:/usr/local/nvidia/lib64:/usr/local/nvidia/lib:/usr/local/nvidia/lib64', 'NVIDIA_REQUIRE_CUDA': 'cuda>=10.1 brand=tesla,driver>=384,driver<385 brand=tesla,driver>=396,driver<397 brand=tesla,driver>=410,driver<411', 'OLDPWD': '//catkin_ws/src', 'vnc_port': '5905', 'jup_port': '8905', 'PWD': '//catkin_ws', 'TURTLEBOT3_MODEL': 'waffle_pi', 'ROS_MASTER_URI': 'http://localhost:11311', 'nv': 'XAUTHORITY=', 'ROS_VERSION': '1', 'VTE_VERSION': '5202', 'SUPERVISOR_GROUP_NAME': 'x'}]
[roslaunch][INFO] 2020-10-12 11:51:16,742: process[turtlebot3_lds-2]: args[[u'/opt/ros/melodic/lib/hls_lfcd_lds_driver/hlds_laser_publisher', u'__name:=turtlebot3_lds']]
[roslaunch][INFO] 2020-10-12 11:51:16,742: ... created process [turtlebot3_lds-2]
[roslaunch.pmon][INFO] 2020-10-12 11:51:16,742: ProcessMonitor.register[turtlebot3_lds-2]
[roslaunch.pmon][INFO] 2020-10-12 11:51:16,742: ProcessMonitor.register[turtlebot3_lds-2] complete
[roslaunch][INFO] 2020-10-12 11:51:16,743: ... registered process [turtlebot3_lds-2]
[roslaunch][INFO] 2020-10-12 11:51:16,743: process[turtlebot3_lds-2]: starting os process
[roslaunch][INFO] 2020-10-12 11:51:16,743: process[turtlebot3_lds-2]: start w/ args [[u'/opt/ros/melodic/lib/hls_lfcd_lds_driver/hlds_laser_publisher', u'__name:=turtlebot3_lds', u'__log:=/root/.ros/log/717101f0-0c7d-11eb-b2ae-0242ac110008/turtlebot3_lds-2.log']]
[roslaunch][INFO] 2020-10-12 11:51:16,743: process[turtlebot3_lds-2]: cwd will be [/root/.ros]
[roslaunch][INFO] 2020-10-12 11:51:17,012: process[turtlebot3_lds-2]: started with pid [7264]
[roslaunch][INFO] 2020-10-12 11:51:17,013: ... successfully launched [turtlebot3_lds-2]
[roslaunch][INFO] 2020-10-12 11:51:17,013: ... preparing to launch node of type [turtlebot3_bringup/turtlebot3_diagnostics]
[roslaunch][INFO] 2020-10-12 11:51:17,014: create_node_process: package[turtlebot3_bringup] type[turtlebot3_diagnostics] machine[Machine(name[] env_loader[None] address[localhost] ssh_port[22] user[None] assignable[True] timeout[10.0])] master_uri[http://localhost:11311]
[roslaunch][INFO] 2020-10-12 11:51:17,014: process[turtlebot3_diagnostics-3]: env[{'JUPYTER_TOKEN': '', 'CHALLENGE_CONFIG_FILE': '/habitat-challenge-data/challenge_pointnav2020.local.rgbd.yaml', 'HOSTNAME': '8cb3278195c9', 'ROS_DISTRO': 'melodic', 'TERMINATOR_DBUS_NAME': 'net.tenshu.Terminator20x1a6021154d881d', 'COLORTERM': 'truecolor', 'ROSLISP_PACKAGE_DIRECTORIES': '//catkin_ws/devel/share/common-lisp', 'CUDA_VERSION': '10.1.243', 'USER': 'root', 'PATH': '/opt/ros/melodic/bin:/opt/conda/envs/habitat/bin:/opt/conda/bin:/usr/local/nvidia/bin:/usr/local/cuda/bin:/usr/local/sbin:/usr/local/bin:/usr/sbin:/usr/bin:/sbin:/bin', 'HOME': '/root', 'PYTHONUNBUFFERED': '1', 'CMAKE_PREFIX_PATH': '//catkin_ws/devel:/opt/ros/melodic', 'ROS_LOG_FILENAME': '/root/.ros/log/717101f0-0c7d-11eb-b2ae-0242ac110008/roslaunch-8cb3278195c9-7248.log', 'LANG': 'C.UTF-8', 'TERM': 'xterm-256color', 'SHELL': '/bin/bash', 'CUDA_PKG_VERSION': '10-1=10.1.243-1', 'SHLVL': '1', 'GLOG_minloglevel': '2', 'TERMINATOR_UUID': 'urn:uuid:f9672217-d11a-42f0-8dc5-a917b3787c77', 'NCCL_VERSION': '2.4.8', 'SUPERVISOR_ENABLED': '1', 'DISPLAY': ':1', 'NVIDIA_VISIBLE_DEVICES': 'all', 'MAGNUM_LOG': 'quiet', 'ROS_ETC_DIR': '/opt/ros/melodic/etc/ros', 'ROS_PYTHON_VERSION': '2', 'LC_ALL': 'C.UTF-8', 'JUPYTER_PASSWORD': '', 'PYTHONPATH': '//catkin_ws/devel/lib/python2.7/dist-packages:/opt/ros/melodic/lib/python2.7/dist-packages:/opt/conda/envs/habitat/bin/python3', 'QT_X11_NO_MITSHM': '1', 'ROS_ROOT': '/opt/ros/melodic/share/ros', 'SUPERVISOR_PROCESS_NAME': 'pcmanfm', 'SUPERVISOR_SERVER_URL': 'unix:///var/run/supervisor.sock', 'TERMINATOR_DBUS_PATH': '/net/tenshu/Terminator2', 'PKG_CONFIG_PATH': '//catkin_ws/devel/lib/pkgconfig:/opt/ros/melodic/lib/pkgconfig', 'ROS_PACKAGE_PATH': '//catkin_ws/src:/opt/ros/melodic/share', 'NVIDIA_DRIVER_CAPABILITIES': 'compute,utility,graphics,compat32,utility', '_': '/opt/ros/melodic/bin/roslaunch', 'LD_LIBRARY_PATH': '//catkin_ws/devel/lib:/opt/ros/melodic/lib:/usr/lib/x86_64-linux-gnu:/usr/lib/i386-linux-gnu:/usr/local/nvidia/lib:/usr/local/nvidia/lib64:/usr/local/nvidia/lib:/usr/local/nvidia/lib64', 'NVIDIA_REQUIRE_CUDA': 'cuda>=10.1 brand=tesla,driver>=384,driver<385 brand=tesla,driver>=396,driver<397 brand=tesla,driver>=410,driver<411', 'OLDPWD': '//catkin_ws/src', 'vnc_port': '5905', 'jup_port': '8905', 'PWD': '//catkin_ws', 'TURTLEBOT3_MODEL': 'waffle_pi', 'ROS_MASTER_URI': 'http://localhost:11311', 'nv': 'XAUTHORITY=', 'ROS_VERSION': '1', 'VTE_VERSION': '5202', 'SUPERVISOR_GROUP_NAME': 'x'}]
[roslaunch][INFO] 2020-10-12 11:51:17,016: process[turtlebot3_diagnostics-3]: args[[u'//catkin_ws/devel/lib/turtlebot3_bringup/turtlebot3_diagnostics', u'__name:=turtlebot3_diagnostics']]
[roslaunch][INFO] 2020-10-12 11:51:17,017: ... created process [turtlebot3_diagnostics-3]
[roslaunch.pmon][INFO] 2020-10-12 11:51:17,017: ProcessMonitor.register[turtlebot3_diagnostics-3]
[roslaunch.pmon][INFO] 2020-10-12 11:51:17,017: ProcessMonitor.register[turtlebot3_diagnostics-3] complete
[roslaunch][INFO] 2020-10-12 11:51:17,017: ... registered process [turtlebot3_diagnostics-3]
[roslaunch][INFO] 2020-10-12 11:51:17,017: process[turtlebot3_diagnostics-3]: starting os process
[roslaunch][INFO] 2020-10-12 11:51:17,018: process[turtlebot3_diagnostics-3]: start w/ args [[u'//catkin_ws/devel/lib/turtlebot3_bringup/turtlebot3_diagnostics', u'__name:=turtlebot3_diagnostics', u'__log:=/root/.ros/log/717101f0-0c7d-11eb-b2ae-0242ac110008/turtlebot3_diagnostics-3.log']]
[roslaunch][INFO] 2020-10-12 11:51:17,018: process[turtlebot3_diagnostics-3]: cwd will be [/root/.ros]
[roslaunch][ERROR] 2020-10-12 11:51:17,196: [turtlebot3_core-1] process has died [pid 7263, exit code 1, cmd /opt/ros/melodic/lib/rosserial_python/serial_node.py __name:=turtlebot3_core __log:=/root/.ros/log/717101f0-0c7d-11eb-b2ae-0242ac110008/turtlebot3_core-1.log].
log file: /root/.ros/log/717101f0-0c7d-11eb-b2ae-0242ac110008/turtlebot3_core-1*.log
[roslaunch][ERROR] 2020-10-12 11:51:17,197: [turtlebot3_lds-2] process has died [pid 7264, exit code 255, cmd /opt/ros/melodic/lib/hls_lfcd_lds_driver/hlds_laser_publisher __name:=turtlebot3_lds __log:=/root/.ros/log/717101f0-0c7d-11eb-b2ae-0242ac110008/turtlebot3_lds-2.log].
log file: /root/.ros/log/717101f0-0c7d-11eb-b2ae-0242ac110008/turtlebot3_lds-2*.log
[roslaunch.pmon][INFO] 2020-10-12 11:51:17,197: ProcessMonitor.unregister[turtlebot3_core-1] starting
[roslaunch.pmon][INFO] 2020-10-12 11:51:17,197: ProcessMonitor.unregister[turtlebot3_core-1] complete
[roslaunch.pmon][INFO] 2020-10-12 11:51:17,197: ProcessMonitor.unregister[turtlebot3_lds-2] starting
[roslaunch.pmon][INFO] 2020-10-12 11:51:17,197: ProcessMonitor.unregister[turtlebot3_lds-2] complete
[roslaunch][INFO] 2020-10-12 11:51:17,283: process[turtlebot3_diagnostics-3]: started with pid [7267]
[roslaunch][INFO] 2020-10-12 11:51:17,283: ... successfully launched [turtlebot3_diagnostics-3]
[roslaunch][INFO] 2020-10-12 11:51:17,284: ... launch_nodes complete
[roslaunch.pmon][INFO] 2020-10-12 11:51:17,284: registrations completed <ProcessMonitor(ProcessMonitor-1, started daemon 140370562471680)>
[roslaunch.parent][INFO] 2020-10-12 11:51:17,284: ... roslaunch parent running, waiting for process exit
[roslaunch][INFO] 2020-10-12 11:51:17,284: spin
[roslaunch.pmon][INFO] 2020-10-12 11:51:44,288: ProcessMonitor.shutdown <ProcessMonitor(ProcessMonitor-1, started daemon 140370562471680)>
[roslaunch.pmon][INFO] 2020-10-12 11:51:44,339: ProcessMonitor._post_run <ProcessMonitor(ProcessMonitor-1, started daemon 140370562471680)>
[roslaunch.pmon][INFO] 2020-10-12 11:51:44,339: ProcessMonitor._post_run <ProcessMonitor(ProcessMonitor-1, started daemon 140370562471680)>: remaining procs are [<roslaunch.nodeprocess.LocalProcess object at 0x7faa91a4bf10>]
[roslaunch.pmon][INFO] 2020-10-12 11:51:44,340: ProcessMonitor exit: killing turtlebot3_diagnostics-3
[roslaunch][INFO] 2020-10-12 11:51:44,340: [turtlebot3_diagnostics-3] killing on exit
[roslaunch][INFO] 2020-10-12 11:51:44,341: process[turtlebot3_diagnostics-3]: killing os process with pid[7267] pgid[7267]
[roslaunch][INFO] 2020-10-12 11:51:44,342: [turtlebot3_diagnostics-3] sending SIGINT to pgid [7267]
[roslaunch][INFO] 2020-10-12 11:51:44,342: [turtlebot3_diagnostics-3] sent SIGINT to pgid [7267]
[roslaunch][INFO] 2020-10-12 11:51:44,543: process[turtlebot3_diagnostics-3]: SIGINT killed with return value 0
[roslaunch.pmon][INFO] 2020-10-12 11:51:44,543: ProcessMonitor exit: cleaning up data structures and signals
[roslaunch.pmon][INFO] 2020-10-12 11:51:44,544: ProcessMonitor exit: pmon has shutdown
[roslaunch][INFO] 2020-10-12 11:51:44,552: process monitor is done spinning, initiating full shutdown
[roslaunch][INFO] 2020-10-12 11:51:44,553: runner.stop()
[roslaunch][INFO] 2020-10-12 11:51:44,553: shutting down processing monitor...
[roslaunch][INFO] 2020-10-12 11:51:44,553: shutting down processing monitor <ProcessMonitor(ProcessMonitor-1, stopped daemon 140370562471680)>
[roslaunch.pmon][INFO] 2020-10-12 11:51:44,553: ProcessMonitor.shutdown <ProcessMonitor(ProcessMonitor-1, stopped daemon 140370562471680)>
[roslaunch][INFO] 2020-10-12 11:51:44,553: ... shutting down processing monitor complete
[roslaunch][INFO] 2020-10-12 11:51:44,553: done
[roslaunch.pmon][INFO] 2020-10-12 11:51:44,554: ProcessMonitor.shutdown <ProcessMonitor(ProcessMonitor-1, stopped daemon 140370562471680)>
[rospy.core][INFO] 2020-10-12 11:51:44,554: signal_shutdown [atexit]
