[roslaunch][INFO] 2020-10-12 12:19:55,642: Checking log directory for disk usage. This may take a while.
Press Ctrl-C to interrupt
[roslaunch][INFO] 2020-10-12 12:19:55,648: Done checking log file disk usage. Usage is <1GB.
[roslaunch][INFO] 2020-10-12 12:19:55,648: roslaunch starting with args ['/opt/ros/melodic/bin/roslaunch', 'open_manipulator_control_gui', 'open_manipulator_control_gui.launch']
[roslaunch][INFO] 2020-10-12 12:19:55,649: roslaunch env is {'JUPYTER_TOKEN': '', 'CHALLENGE_CONFIG_FILE': '/habitat-challenge-data/challenge_pointnav2020.local.rgbd.yaml', 'vnc_port': '5905', 'ROS_DISTRO': 'melodic', 'TERMINATOR_DBUS_PATH': '/net/tenshu/Terminator2', 'ROSLISP_PACKAGE_DIRECTORIES': '//catkin_ws/devel/share/common-lisp', 'CUDA_VERSION': '10.1.243', 'USER': 'root', 'ROS_PACKAGE_PATH': '//catkin_ws/src:/opt/ros/melodic/share', 'HOME': '/root', 'PYTHONUNBUFFERED': '1', 'CMAKE_PREFIX_PATH': '//catkin_ws/devel:/opt/ros/melodic', 'DISPLAY': ':1', 'JUPYTER_PASSWORD': '', 'LANG': 'C.UTF-8', 'TERM': 'xterm-256color', 'SHELL': '/bin/bash', 'ROS_LOG_FILENAME': '/root/.ros/log/717101f0-0c7d-11eb-b2ae-0242ac110008/roslaunch-8cb3278195c9-12613.log', 'CUDA_PKG_VERSION': '10-1=10.1.243-1', 'SHLVL': '1', 'SUPERVISOR_ENABLED': '1', 'TERMINATOR_UUID': 'urn:uuid:f9672217-d11a-42f0-8dc5-a917b3787c77', 'NCCL_VERSION': '2.4.8', 'GLOG_minloglevel': '2', 'LD_LIBRARY_PATH': '//catkin_ws/devel/lib:/opt/ros/melodic/lib:/usr/lib/x86_64-linux-gnu:/usr/lib/i386-linux-gnu:/usr/local/nvidia/lib:/usr/local/nvidia/lib64:/usr/local/nvidia/lib:/usr/local/nvidia/lib64', 'ROS_PYTHON_VERSION': '2', 'NVIDIA_VISIBLE_DEVICES': 'all', '_': '/opt/ros/melodic/bin/roslaunch', 'ROS_MASTER_URI': 'http://localhost:11311', 'nv': 'XAUTHORITY=', 'ROS_VERSION': '1', 'PYTHONPATH': '//catkin_ws/devel/lib/python2.7/dist-packages:/opt/ros/melodic/lib/python2.7/dist-packages:/opt/conda/envs/habitat/bin/python3', 'QT_X11_NO_MITSHM': '1', 'ROS_ROOT': '/opt/ros/melodic/share/ros', 'PATH': '/opt/ros/melodic/bin:/opt/conda/envs/habitat/bin:/opt/conda/bin:/usr/local/nvidia/bin:/usr/local/cuda/bin:/usr/local/sbin:/usr/local/bin:/usr/sbin:/usr/bin:/sbin:/bin', 'SUPERVISOR_PROCESS_NAME': 'pcmanfm', 'SUPERVISOR_SERVER_URL': 'unix:///var/run/supervisor.sock', 'TERMINATOR_DBUS_NAME': 'net.tenshu.Terminator20x1a6021154d881d', 'PKG_CONFIG_PATH': '//catkin_ws/devel/lib/pkgconfig:/opt/ros/melodic/lib/pkgconfig', 'LC_ALL': 'C.UTF-8', 'NVIDIA_DRIVER_CAPABILITIES': 'compute,utility,graphics,compat32,utility', 'MAGNUM_LOG': 'quiet', 'NVIDIA_REQUIRE_CUDA': 'cuda>=10.1 brand=tesla,driver>=384,driver<385 brand=tesla,driver>=396,driver<397 brand=tesla,driver>=410,driver<411', 'VTE_VERSION': '5202', 'OLDPWD': '//catkin_ws', 'HOSTNAME': '8cb3278195c9', 'PWD': '//catkin_ws/src', 'ROS_ETC_DIR': '/opt/ros/melodic/etc/ros', 'TURTLEBOT3_MODEL': 'burger', 'COLORTERM': 'truecolor', 'jup_port': '8905', 'SUPERVISOR_GROUP_NAME': 'x'}
[roslaunch][INFO] 2020-10-12 12:19:55,649: starting in server mode
[roslaunch.parent][INFO] 2020-10-12 12:19:55,649: starting roslaunch parent run
[roslaunch][INFO] 2020-10-12 12:19:55,649: loading roscore config file /opt/ros/melodic/etc/ros/roscore.xml
[roslaunch][INFO] 2020-10-12 12:19:55,833: Added core node of type [rosout/rosout] in namespace [/]
[roslaunch.config][INFO] 2020-10-12 12:19:55,833: loading config file //catkin_ws/src/open_manipulator/open_manipulator_control_gui/launch/open_manipulator_control_gui.launch
[roslaunch][INFO] 2020-10-12 12:19:55,834: Added node of type [open_manipulator_control_gui/open_manipulator_control_gui] in namespace [/]
[roslaunch][INFO] 2020-10-12 12:19:55,834: ... selected machine [] for node of type [open_manipulator_control_gui/open_manipulator_control_gui]
[roslaunch.pmon][INFO] 2020-10-12 12:19:55,835: start_process_monitor: creating ProcessMonitor
[roslaunch.pmon][INFO] 2020-10-12 12:19:55,835: created process monitor <ProcessMonitor(ProcessMonitor-1, initial daemon)>
[roslaunch.pmon][INFO] 2020-10-12 12:19:55,835: start_process_monitor: ProcessMonitor started
[roslaunch.parent][INFO] 2020-10-12 12:19:55,835: starting parent XML-RPC server
[roslaunch.server][INFO] 2020-10-12 12:19:55,835: starting roslaunch XML-RPC server
[roslaunch.server][INFO] 2020-10-12 12:19:55,836: waiting for roslaunch XML-RPC server to initialize
[xmlrpc][INFO] 2020-10-12 12:19:55,836: XML-RPC server binding to 0.0.0.0:0
[xmlrpc][INFO] 2020-10-12 12:19:55,837: Started XML-RPC server [http://8cb3278195c9:34449/]
[xmlrpc][INFO] 2020-10-12 12:19:55,837: xml rpc node: starting XML-RPC server
[roslaunch][INFO] 2020-10-12 12:19:55,847: started roslaunch server http://8cb3278195c9:34449/
[roslaunch.parent][INFO] 2020-10-12 12:19:55,847: ... parent XML-RPC server started
[roslaunch][INFO] 2020-10-12 12:19:55,848: master.is_running[http://localhost:11311]
[roslaunch][INFO] 2020-10-12 12:19:55,849: master.is_running[http://localhost:11311]
[roslaunch][INFO] 2020-10-12 12:19:55,851: ROS_MASTER_URI=http://localhost:11311
[roslaunch][INFO] 2020-10-12 12:19:55,853: setting /roslaunch/uris/host_8cb3278195c9__34449' to http://8cb3278195c9:34449/
[roslaunch][INFO] 2020-10-12 12:19:55,854: load_parameters starting ...
[roslaunch][INFO] 2020-10-12 12:19:55,858: ... load_parameters complete
[roslaunch][INFO] 2020-10-12 12:19:55,858: launch_nodes: launching local nodes ...
[roslaunch][INFO] 2020-10-12 12:19:55,858: ... preparing to launch node of type [open_manipulator_control_gui/open_manipulator_control_gui]
[roslaunch][INFO] 2020-10-12 12:19:55,858: create_node_process: package[open_manipulator_control_gui] type[open_manipulator_control_gui] machine[Machine(name[] env_loader[None] address[localhost] ssh_port[22] user[None] assignable[True] timeout[10.0])] master_uri[http://localhost:11311]
[roslaunch][INFO] 2020-10-12 12:19:55,858: process[control_gui-1]: env[{'JUPYTER_TOKEN': '', 'CHALLENGE_CONFIG_FILE': '/habitat-challenge-data/challenge_pointnav2020.local.rgbd.yaml', 'HOSTNAME': '8cb3278195c9', 'ROS_DISTRO': 'melodic', 'TERMINATOR_DBUS_NAME': 'net.tenshu.Terminator20x1a6021154d881d', 'COLORTERM': 'truecolor', 'ROSLISP_PACKAGE_DIRECTORIES': '//catkin_ws/devel/share/common-lisp', 'CUDA_VERSION': '10.1.243', 'USER': 'root', 'PATH': '/opt/ros/melodic/bin:/opt/conda/envs/habitat/bin:/opt/conda/bin:/usr/local/nvidia/bin:/usr/local/cuda/bin:/usr/local/sbin:/usr/local/bin:/usr/sbin:/usr/bin:/sbin:/bin', 'HOME': '/root', 'PYTHONUNBUFFERED': '1', 'CMAKE_PREFIX_PATH': '//catkin_ws/devel:/opt/ros/melodic', 'ROS_LOG_FILENAME': '/root/.ros/log/717101f0-0c7d-11eb-b2ae-0242ac110008/roslaunch-8cb3278195c9-12613.log', 'LANG': 'C.UTF-8', 'TERM': 'xterm-256color', 'SHELL': '/bin/bash', 'CUDA_PKG_VERSION': '10-1=10.1.243-1', 'SHLVL': '1', 'GLOG_minloglevel': '2', 'TERMINATOR_UUID': 'urn:uuid:f9672217-d11a-42f0-8dc5-a917b3787c77', 'NCCL_VERSION': '2.4.8', 'SUPERVISOR_ENABLED': '1', 'DISPLAY': ':1', 'NVIDIA_VISIBLE_DEVICES': 'all', 'MAGNUM_LOG': 'quiet', 'ROS_ETC_DIR': '/opt/ros/melodic/etc/ros', 'ROS_PYTHON_VERSION': '2', 'LC_ALL': 'C.UTF-8', 'JUPYTER_PASSWORD': '', 'PYTHONPATH': '//catkin_ws/devel/lib/python2.7/dist-packages:/opt/ros/melodic/lib/python2.7/dist-packages:/opt/conda/envs/habitat/bin/python3', 'QT_X11_NO_MITSHM': '1', 'ROS_ROOT': '/opt/ros/melodic/share/ros', 'SUPERVISOR_PROCESS_NAME': 'pcmanfm', 'SUPERVISOR_SERVER_URL': 'unix:///var/run/supervisor.sock', 'TERMINATOR_DBUS_PATH': '/net/tenshu/Terminator2', 'PKG_CONFIG_PATH': '//catkin_ws/devel/lib/pkgconfig:/opt/ros/melodic/lib/pkgconfig', 'ROS_PACKAGE_PATH': '//catkin_ws/src:/opt/ros/melodic/share', 'NVIDIA_DRIVER_CAPABILITIES': 'compute,utility,graphics,compat32,utility', '_': '/opt/ros/melodic/bin/roslaunch', 'LD_LIBRARY_PATH': '//catkin_ws/devel/lib:/opt/ros/melodic/lib:/usr/lib/x86_64-linux-gnu:/usr/lib/i386-linux-gnu:/usr/local/nvidia/lib:/usr/local/nvidia/lib64:/usr/local/nvidia/lib:/usr/local/nvidia/lib64', 'NVIDIA_REQUIRE_CUDA': 'cuda>=10.1 brand=tesla,driver>=384,driver<385 brand=tesla,driver>=396,driver<397 brand=tesla,driver>=410,driver<411', 'OLDPWD': '//catkin_ws', 'vnc_port': '5905', 'jup_port': '8905', 'PWD': '//catkin_ws/src', 'TURTLEBOT3_MODEL': 'burger', 'ROS_MASTER_URI': 'http://localhost:11311', 'nv': 'XAUTHORITY=', 'ROS_VERSION': '1', 'VTE_VERSION': '5202', 'SUPERVISOR_GROUP_NAME': 'x'}]
[roslaunch][INFO] 2020-10-12 12:19:56,003: process[control_gui-1]: args[[u'//catkin_ws/devel/lib/open_manipulator_control_gui/open_manipulator_control_gui', u'kinematics_pose:=gripper/kinematics_pose', u'__name:=control_gui']]
[roslaunch][INFO] 2020-10-12 12:19:56,003: ... created process [control_gui-1]
[roslaunch.pmon][INFO] 2020-10-12 12:19:56,003: ProcessMonitor.register[control_gui-1]
[roslaunch.pmon][INFO] 2020-10-12 12:19:56,003: ProcessMonitor.register[control_gui-1] complete
[roslaunch][INFO] 2020-10-12 12:19:56,003: ... registered process [control_gui-1]
[roslaunch][INFO] 2020-10-12 12:19:56,003: process[control_gui-1]: starting os process
[roslaunch][INFO] 2020-10-12 12:19:56,003: process[control_gui-1]: start w/ args [[u'//catkin_ws/devel/lib/open_manipulator_control_gui/open_manipulator_control_gui', u'kinematics_pose:=gripper/kinematics_pose', u'__name:=control_gui', u'__log:=/root/.ros/log/717101f0-0c7d-11eb-b2ae-0242ac110008/control_gui-1.log']]
[roslaunch][INFO] 2020-10-12 12:19:56,004: process[control_gui-1]: cwd will be [/root/.ros]
[roslaunch][INFO] 2020-10-12 12:19:56,269: process[control_gui-1]: started with pid [12628]
[roslaunch][INFO] 2020-10-12 12:19:56,270: ... successfully launched [control_gui-1]
[roslaunch][INFO] 2020-10-12 12:19:56,270: ... launch_nodes complete
[roslaunch.pmon][INFO] 2020-10-12 12:19:56,270: registrations completed <ProcessMonitor(ProcessMonitor-1, started daemon 140007885141760)>
[roslaunch.parent][INFO] 2020-10-12 12:19:56,270: ... roslaunch parent running, waiting for process exit
[roslaunch][INFO] 2020-10-12 12:19:56,270: spin
[roslaunch.pmon][INFO] 2020-10-12 12:20:21,571: ProcessMonitor.shutdown <ProcessMonitor(ProcessMonitor-1, started daemon 140007885141760)>
[roslaunch.pmon][INFO] 2020-10-12 12:20:21,577: ProcessMonitor._post_run <ProcessMonitor(ProcessMonitor-1, started daemon 140007885141760)>
[roslaunch.pmon][INFO] 2020-10-12 12:20:21,577: ProcessMonitor._post_run <ProcessMonitor(ProcessMonitor-1, started daemon 140007885141760)>: remaining procs are [<roslaunch.nodeprocess.LocalProcess object at 0x7f561ebeee50>]
[roslaunch.pmon][INFO] 2020-10-12 12:20:21,578: ProcessMonitor exit: killing control_gui-1
[roslaunch][INFO] 2020-10-12 12:20:21,578: [control_gui-1] killing on exit
[roslaunch][INFO] 2020-10-12 12:20:21,579: process[control_gui-1]: killing os process with pid[12628] pgid[12628]
[roslaunch][INFO] 2020-10-12 12:20:21,580: [control_gui-1] sending SIGINT to pgid [12628]
[roslaunch][INFO] 2020-10-12 12:20:21,581: [control_gui-1] sent SIGINT to pgid [12628]
[roslaunch][INFO] 2020-10-12 12:20:21,782: process[control_gui-1]: SIGINT killed with return value 0
[roslaunch.pmon][INFO] 2020-10-12 12:20:21,782: ProcessMonitor exit: cleaning up data structures and signals
[roslaunch.pmon][INFO] 2020-10-12 12:20:21,782: ProcessMonitor exit: pmon has shutdown
[roslaunch][INFO] 2020-10-12 12:20:21,785: process monitor is done spinning, initiating full shutdown
[roslaunch][INFO] 2020-10-12 12:20:21,786: runner.stop()
[roslaunch][INFO] 2020-10-12 12:20:21,786: shutting down processing monitor...
[roslaunch][INFO] 2020-10-12 12:20:21,786: shutting down processing monitor <ProcessMonitor(ProcessMonitor-1, stopped daemon 140007885141760)>
[roslaunch.pmon][INFO] 2020-10-12 12:20:21,786: ProcessMonitor.shutdown <ProcessMonitor(ProcessMonitor-1, stopped daemon 140007885141760)>
[roslaunch][INFO] 2020-10-12 12:20:21,786: ... shutting down processing monitor complete
[roslaunch][INFO] 2020-10-12 12:20:21,787: done
[roslaunch.pmon][INFO] 2020-10-12 12:20:21,787: ProcessMonitor.shutdown <ProcessMonitor(ProcessMonitor-1, stopped daemon 140007885141760)>
[rospy.core][INFO] 2020-10-12 12:20:21,787: signal_shutdown [atexit]
