[roslaunch][INFO] 2020-10-12 12:20:30,466: Checking log directory for disk usage. This may take a while.
Press Ctrl-C to interrupt
[roslaunch][INFO] 2020-10-12 12:20:30,472: Done checking log file disk usage. Usage is <1GB.
[roslaunch][INFO] 2020-10-12 12:20:30,472: roslaunch starting with args ['/opt/ros/melodic/bin/roslaunch', 'open_manipulator_controller', 'open_manipulator_controller.launch', 'use_platform:=false']
[roslaunch][INFO] 2020-10-12 12:20:30,472: roslaunch env is {'JUPYTER_TOKEN': '', 'CHALLENGE_CONFIG_FILE': '/habitat-challenge-data/challenge_pointnav2020.local.rgbd.yaml', 'vnc_port': '5905', 'ROS_DISTRO': 'melodic', 'TERMINATOR_DBUS_PATH': '/net/tenshu/Terminator2', 'ROSLISP_PACKAGE_DIRECTORIES': '//catkin_ws/devel/share/common-lisp', 'CUDA_VERSION': '10.1.243', 'USER': 'root', 'ROS_PACKAGE_PATH': '//catkin_ws/src:/opt/ros/melodic/share', 'HOME': '/root', 'PYTHONUNBUFFERED': '1', 'CMAKE_PREFIX_PATH': '//catkin_ws/devel:/opt/ros/melodic', 'DISPLAY': ':1', 'JUPYTER_PASSWORD': '', 'LANG': 'C.UTF-8', 'TERM': 'xterm-256color', 'SHELL': '/bin/bash', 'ROS_LOG_FILENAME': '/root/.ros/log/717101f0-0c7d-11eb-b2ae-0242ac110008/roslaunch-8cb3278195c9-12680.log', 'CUDA_PKG_VERSION': '10-1=10.1.243-1', 'SHLVL': '1', 'SUPERVISOR_ENABLED': '1', 'TERMINATOR_UUID': 'urn:uuid:f9672217-d11a-42f0-8dc5-a917b3787c77', 'NCCL_VERSION': '2.4.8', 'GLOG_minloglevel': '2', 'LD_LIBRARY_PATH': '//catkin_ws/devel/lib:/opt/ros/melodic/lib:/usr/lib/x86_64-linux-gnu:/usr/lib/i386-linux-gnu:/usr/local/nvidia/lib:/usr/local/nvidia/lib64:/usr/local/nvidia/lib:/usr/local/nvidia/lib64', 'ROS_PYTHON_VERSION': '2', 'NVIDIA_VISIBLE_DEVICES': 'all', '_': '/opt/ros/melodic/bin/roslaunch', 'ROS_MASTER_URI': 'http://localhost:11311', 'nv': 'XAUTHORITY=', 'ROS_VERSION': '1', 'PYTHONPATH': '//catkin_ws/devel/lib/python2.7/dist-packages:/opt/ros/melodic/lib/python2.7/dist-packages:/opt/conda/envs/habitat/bin/python3', 'QT_X11_NO_MITSHM': '1', 'ROS_ROOT': '/opt/ros/melodic/share/ros', 'PATH': '/opt/ros/melodic/bin:/opt/conda/envs/habitat/bin:/opt/conda/bin:/usr/local/nvidia/bin:/usr/local/cuda/bin:/usr/local/sbin:/usr/local/bin:/usr/sbin:/usr/bin:/sbin:/bin', 'SUPERVISOR_PROCESS_NAME': 'pcmanfm', 'SUPERVISOR_SERVER_URL': 'unix:///var/run/supervisor.sock', 'TERMINATOR_DBUS_NAME': 'net.tenshu.Terminator20x1a6021154d881d', 'PKG_CONFIG_PATH': '//catkin_ws/devel/lib/pkgconfig:/opt/ros/melodic/lib/pkgconfig', 'LC_ALL': 'C.UTF-8', 'NVIDIA_DRIVER_CAPABILITIES': 'compute,utility,graphics,compat32,utility', 'MAGNUM_LOG': 'quiet', 'NVIDIA_REQUIRE_CUDA': 'cuda>=10.1 brand=tesla,driver>=384,driver<385 brand=tesla,driver>=396,driver<397 brand=tesla,driver>=410,driver<411', 'VTE_VERSION': '5202', 'OLDPWD': '//catkin_ws', 'HOSTNAME': '8cb3278195c9', 'PWD': '//catkin_ws/src', 'ROS_ETC_DIR': '/opt/ros/melodic/etc/ros', 'TURTLEBOT3_MODEL': 'burger', 'COLORTERM': 'truecolor', 'jup_port': '8905', 'SUPERVISOR_GROUP_NAME': 'x'}
[roslaunch][INFO] 2020-10-12 12:20:30,473: starting in server mode
[roslaunch.parent][INFO] 2020-10-12 12:20:30,473: starting roslaunch parent run
[roslaunch][INFO] 2020-10-12 12:20:30,473: loading roscore config file /opt/ros/melodic/etc/ros/roscore.xml
[roslaunch][INFO] 2020-10-12 12:20:30,666: Added core node of type [rosout/rosout] in namespace [/]
[roslaunch.config][INFO] 2020-10-12 12:20:30,666: loading config file //catkin_ws/src/open_manipulator/open_manipulator_controller/launch/open_manipulator_controller.launch
[roslaunch][INFO] 2020-10-12 12:20:30,669: Added node of type [open_manipulator_controller/open_manipulator_controller] in namespace [/]
[roslaunch][INFO] 2020-10-12 12:20:30,669: ... selected machine [] for node of type [open_manipulator_controller/open_manipulator_controller]
[roslaunch.pmon][INFO] 2020-10-12 12:20:30,671: start_process_monitor: creating ProcessMonitor
[roslaunch.pmon][INFO] 2020-10-12 12:20:30,671: created process monitor <ProcessMonitor(ProcessMonitor-1, initial daemon)>
[roslaunch.pmon][INFO] 2020-10-12 12:20:30,672: start_process_monitor: ProcessMonitor started
[roslaunch.parent][INFO] 2020-10-12 12:20:30,672: starting parent XML-RPC server
[roslaunch.server][INFO] 2020-10-12 12:20:30,672: starting roslaunch XML-RPC server
[roslaunch.server][INFO] 2020-10-12 12:20:30,673: waiting for roslaunch XML-RPC server to initialize
[xmlrpc][INFO] 2020-10-12 12:20:30,673: XML-RPC server binding to 0.0.0.0:0
[xmlrpc][INFO] 2020-10-12 12:20:30,673: Started XML-RPC server [http://8cb3278195c9:42199/]
[xmlrpc][INFO] 2020-10-12 12:20:30,674: xml rpc node: starting XML-RPC server
[roslaunch][INFO] 2020-10-12 12:20:30,685: started roslaunch server http://8cb3278195c9:42199/
[roslaunch.parent][INFO] 2020-10-12 12:20:30,685: ... parent XML-RPC server started
[roslaunch][INFO] 2020-10-12 12:20:30,686: master.is_running[http://localhost:11311]
[roslaunch][INFO] 2020-10-12 12:20:30,687: master.is_running[http://localhost:11311]
[roslaunch][INFO] 2020-10-12 12:20:30,687: ROS_MASTER_URI=http://localhost:11311
[roslaunch][INFO] 2020-10-12 12:20:30,689: setting /roslaunch/uris/host_8cb3278195c9__42199' to http://8cb3278195c9:42199/
[roslaunch][INFO] 2020-10-12 12:20:30,689: load_parameters starting ...
[roslaunch][INFO] 2020-10-12 12:20:30,692: ... load_parameters complete
[roslaunch][INFO] 2020-10-12 12:20:30,693: launch_nodes: launching local nodes ...
[roslaunch][INFO] 2020-10-12 12:20:30,693: ... preparing to launch node of type [open_manipulator_controller/open_manipulator_controller]
[roslaunch][INFO] 2020-10-12 12:20:30,693: create_node_process: package[open_manipulator_controller] type[open_manipulator_controller] machine[Machine(name[] env_loader[None] address[localhost] ssh_port[22] user[None] assignable[True] timeout[10.0])] master_uri[http://localhost:11311]
[roslaunch][INFO] 2020-10-12 12:20:30,693: process[open_manipulator_controller-1]: env[{'JUPYTER_TOKEN': '', 'CHALLENGE_CONFIG_FILE': '/habitat-challenge-data/challenge_pointnav2020.local.rgbd.yaml', 'HOSTNAME': '8cb3278195c9', 'ROS_DISTRO': 'melodic', 'TERMINATOR_DBUS_NAME': 'net.tenshu.Terminator20x1a6021154d881d', 'COLORTERM': 'truecolor', 'ROSLISP_PACKAGE_DIRECTORIES': '//catkin_ws/devel/share/common-lisp', 'CUDA_VERSION': '10.1.243', 'USER': 'root', 'PATH': '/opt/ros/melodic/bin:/opt/conda/envs/habitat/bin:/opt/conda/bin:/usr/local/nvidia/bin:/usr/local/cuda/bin:/usr/local/sbin:/usr/local/bin:/usr/sbin:/usr/bin:/sbin:/bin', 'HOME': '/root', 'PYTHONUNBUFFERED': '1', 'CMAKE_PREFIX_PATH': '//catkin_ws/devel:/opt/ros/melodic', 'ROS_LOG_FILENAME': '/root/.ros/log/717101f0-0c7d-11eb-b2ae-0242ac110008/roslaunch-8cb3278195c9-12680.log', 'LANG': 'C.UTF-8', 'TERM': 'xterm-256color', 'SHELL': '/bin/bash', 'CUDA_PKG_VERSION': '10-1=10.1.243-1', 'SHLVL': '1', 'GLOG_minloglevel': '2', 'TERMINATOR_UUID': 'urn:uuid:f9672217-d11a-42f0-8dc5-a917b3787c77', 'NCCL_VERSION': '2.4.8', 'SUPERVISOR_ENABLED': '1', 'DISPLAY': ':1', 'NVIDIA_VISIBLE_DEVICES': 'all', 'MAGNUM_LOG': 'quiet', 'ROS_ETC_DIR': '/opt/ros/melodic/etc/ros', 'ROS_PYTHON_VERSION': '2', 'LC_ALL': 'C.UTF-8', 'JUPYTER_PASSWORD': '', 'PYTHONPATH': '//catkin_ws/devel/lib/python2.7/dist-packages:/opt/ros/melodic/lib/python2.7/dist-packages:/opt/conda/envs/habitat/bin/python3', 'QT_X11_NO_MITSHM': '1', 'ROS_ROOT': '/opt/ros/melodic/share/ros', 'SUPERVISOR_PROCESS_NAME': 'pcmanfm', 'SUPERVISOR_SERVER_URL': 'unix:///var/run/supervisor.sock', 'TERMINATOR_DBUS_PATH': '/net/tenshu/Terminator2', 'PKG_CONFIG_PATH': '//catkin_ws/devel/lib/pkgconfig:/opt/ros/melodic/lib/pkgconfig', 'ROS_PACKAGE_PATH': '//catkin_ws/src:/opt/ros/melodic/share', 'NVIDIA_DRIVER_CAPABILITIES': 'compute,utility,graphics,compat32,utility', '_': '/opt/ros/melodic/bin/roslaunch', 'LD_LIBRARY_PATH': '//catkin_ws/devel/lib:/opt/ros/melodic/lib:/usr/lib/x86_64-linux-gnu:/usr/lib/i386-linux-gnu:/usr/local/nvidia/lib:/usr/local/nvidia/lib64:/usr/local/nvidia/lib:/usr/local/nvidia/lib64', 'NVIDIA_REQUIRE_CUDA': 'cuda>=10.1 brand=tesla,driver>=384,driver<385 brand=tesla,driver>=396,driver<397 brand=tesla,driver>=410,driver<411', 'OLDPWD': '//catkin_ws', 'vnc_port': '5905', 'jup_port': '8905', 'PWD': '//catkin_ws/src', 'TURTLEBOT3_MODEL': 'burger', 'ROS_MASTER_URI': 'http://localhost:11311', 'nv': 'XAUTHORITY=', 'ROS_VERSION': '1', 'VTE_VERSION': '5202', 'SUPERVISOR_GROUP_NAME': 'x'}]
[roslaunch][INFO] 2020-10-12 12:20:30,805: process[open_manipulator_controller-1]: args[[u'//catkin_ws/devel/lib/open_manipulator_controller/open_manipulator_controller', '/dev/ttyUSB0', '1000000', u'__name:=open_manipulator_controller']]
[roslaunch][INFO] 2020-10-12 12:20:30,805: ... created process [open_manipulator_controller-1]
[roslaunch.pmon][INFO] 2020-10-12 12:20:30,805: ProcessMonitor.register[open_manipulator_controller-1]
[roslaunch.pmon][INFO] 2020-10-12 12:20:30,805: ProcessMonitor.register[open_manipulator_controller-1] complete
[roslaunch][INFO] 2020-10-12 12:20:30,805: ... registered process [open_manipulator_controller-1]
[roslaunch][INFO] 2020-10-12 12:20:30,805: process[open_manipulator_controller-1]: starting os process
[roslaunch][INFO] 2020-10-12 12:20:30,805: process[open_manipulator_controller-1]: start w/ args [[u'//catkin_ws/devel/lib/open_manipulator_controller/open_manipulator_controller', '/dev/ttyUSB0', '1000000', u'__name:=open_manipulator_controller', u'__log:=/root/.ros/log/717101f0-0c7d-11eb-b2ae-0242ac110008/open_manipulator_controller-1.log']]
[roslaunch][INFO] 2020-10-12 12:20:30,805: process[open_manipulator_controller-1]: cwd will be [/root/.ros]
[roslaunch][INFO] 2020-10-12 12:20:31,075: process[open_manipulator_controller-1]: started with pid [12695]
[roslaunch][INFO] 2020-10-12 12:20:31,075: ... successfully launched [open_manipulator_controller-1]
[roslaunch][INFO] 2020-10-12 12:20:31,075: ... launch_nodes complete
[roslaunch.pmon][INFO] 2020-10-12 12:20:31,076: registrations completed <ProcessMonitor(ProcessMonitor-1, started daemon 140400476796672)>
[roslaunch.parent][INFO] 2020-10-12 12:20:31,076: ... roslaunch parent running, waiting for process exit
[roslaunch][INFO] 2020-10-12 12:20:31,076: spin
[roslaunch.pmon][INFO] 2020-10-12 12:21:17,260: ProcessMonitor.shutdown <ProcessMonitor(ProcessMonitor-1, started daemon 140400476796672)>
[roslaunch.pmon][INFO] 2020-10-12 12:21:17,268: ProcessMonitor._post_run <ProcessMonitor(ProcessMonitor-1, started daemon 140400476796672)>
[roslaunch.pmon][INFO] 2020-10-12 12:21:17,269: ProcessMonitor._post_run <ProcessMonitor(ProcessMonitor-1, started daemon 140400476796672)>: remaining procs are [<roslaunch.nodeprocess.LocalProcess object at 0x7fb188087950>]
[roslaunch.pmon][INFO] 2020-10-12 12:21:17,269: ProcessMonitor exit: killing open_manipulator_controller-1
[roslaunch][INFO] 2020-10-12 12:21:17,270: [open_manipulator_controller-1] killing on exit
[roslaunch][INFO] 2020-10-12 12:21:17,270: process[open_manipulator_controller-1]: killing os process with pid[12695] pgid[12695]
[roslaunch][INFO] 2020-10-12 12:21:17,271: [open_manipulator_controller-1] sending SIGINT to pgid [12695]
[roslaunch][INFO] 2020-10-12 12:21:17,271: [open_manipulator_controller-1] sent SIGINT to pgid [12695]
[roslaunch][INFO] 2020-10-12 12:21:17,671: process[open_manipulator_controller-1]: SIGINT killed with return value -11
[roslaunch.pmon][INFO] 2020-10-12 12:21:17,672: ProcessMonitor exit: cleaning up data structures and signals
[roslaunch.pmon][INFO] 2020-10-12 12:21:17,672: ProcessMonitor exit: pmon has shutdown
[roslaunch][INFO] 2020-10-12 12:21:17,675: process monitor is done spinning, initiating full shutdown
[roslaunch][INFO] 2020-10-12 12:21:17,675: runner.stop()
[roslaunch][INFO] 2020-10-12 12:21:17,675: shutting down processing monitor...
[roslaunch][INFO] 2020-10-12 12:21:17,675: shutting down processing monitor <ProcessMonitor(ProcessMonitor-1, stopped daemon 140400476796672)>
[roslaunch.pmon][INFO] 2020-10-12 12:21:17,676: ProcessMonitor.shutdown <ProcessMonitor(ProcessMonitor-1, stopped daemon 140400476796672)>
[roslaunch][INFO] 2020-10-12 12:21:17,676: ... shutting down processing monitor complete
[roslaunch][INFO] 2020-10-12 12:21:17,676: done
[roslaunch.pmon][INFO] 2020-10-12 12:21:17,676: ProcessMonitor.shutdown <ProcessMonitor(ProcessMonitor-1, stopped daemon 140400476796672)>
[rospy.core][INFO] 2020-10-12 12:21:17,677: signal_shutdown [atexit]
